\BOOKMARK [0][-]{chapter.1}{Motivation}{}% 1
\BOOKMARK [0][-]{chapter.2}{Problemspezifikation}{}% 2
\BOOKMARK [1][-]{section.2.1}{Selbsteinbettung in Mehrprozessorsysteme}{chapter.2}% 3
\BOOKMARK [1][-]{section.2.2}{Constraint\205Satisfaction\205Problem \(CSP\)}{chapter.2}% 4
\BOOKMARK [1][-]{section.2.3}{Min-Conflicts-Embedder}{chapter.2}% 5
\BOOKMARK [0][-]{chapter.3}{Model zur L\366sung des CSP-Problems}{}% 6
\BOOKMARK [1][-]{section.3.1}{Implementierung des Min-Conflicts-Embedder}{chapter.3}% 7
\BOOKMARK [1][-]{section.3.2}{Klassendiagramm zum L\366sen der Bindungs- und Routinganforderungen}{chapter.3}% 8
\BOOKMARK [2][-]{subsection.3.2.1}{Bindungsanforderungen}{section.3.2}% 9
\BOOKMARK [2][-]{subsection.3.2.2}{Routinganforderungen}{section.3.2}% 10
\BOOKMARK [2][-]{subsection.3.2.3}{Hinzuf\374gen von Anforderungen}{section.3.2}% 11
\BOOKMARK [2][-]{subsection.3.2.4}{\334berpr\374fen von Anforderungen}{section.3.2}% 12
\BOOKMARK [2][-]{subsection.3.2.5}{Zuordnen von Anforderungen}{section.3.2}% 13
\BOOKMARK [0][-]{chapter.4}{Evaluierung}{}% 14
\BOOKMARK [1][-]{section.4.1}{Implementierung und Testumgebungen}{chapter.4}% 15
\BOOKMARK [2][-]{subsection.4.1.1}{Testumgebung 1}{section.4.1}% 16
\BOOKMARK [2][-]{subsection.4.1.2}{Testumgebung 2}{section.4.1}% 17
\BOOKMARK [1][-]{section.4.2}{Vergleich zwischen Backtracking mit und ohne Forward-Checking}{chapter.4}% 18
\BOOKMARK [1][-]{section.4.3}{Vergleich der Variablenordnungsverfahren}{chapter.4}% 19
\BOOKMARK [1][-]{section.4.4}{Vergleich zwischen Min-Conflicts und Backtracking}{chapter.4}% 20
\BOOKMARK [0][-]{chapter.5}{Zusammenfassung}{}% 21
\BOOKMARK [0][-]{appendix*.13}{Literatur}{}% 22
